<?xml version="1.0" encoding="UTF-8"?>
<!-- Generated by org.testng.reporters.JUnitReportReporter -->
<testsuite hostname="Hp-15s-FR2006TU" failures="0" tests="1" name="com.web.orangehrm.loginTest" time="7.988" errors="0" timestamp="2023-03-09T15:49:08 IST" skipped="0">
  <testcase classname="com.web.orangehrm.loginTest" name="login" time="7.988"/>
  <system-out/>
</testsuite> <!-- com.web.orangehrm.loginTest -->
