<?xml version="1.0" encoding="UTF-8"?>
<!-- Generated by org.testng.reporters.JUnitReportReporter -->
<testsuite hostname="Hp-15s-FR2006TU" failures="0" tests="2" name="com.web.orangehrm.loginPage" time="33.819" errors="0" timestamp="2023-03-11T13:08:24 IST" skipped="0">
  <testcase classname="com.web.orangehrm.loginPage" name="initElements" time="30.467"/>
  <system-out/>
  <testcase classname="com.web.orangehrm.loginPage" name="loginTest" time="3.352"/>
  <system-out/>
</testsuite> <!-- com.web.orangehrm.loginPage -->
