<?xml version="1.0" encoding="UTF-8"?>
<!-- Generated by org.testng.reporters.JUnitReportReporter -->
<testsuite hostname="Hp-15s-FR2006TU" failures="0" tests="1" name="com.web.orangehrm.homePage" time="2.145" errors="0" timestamp="2023-03-11T11:38:00 IST" skipped="0">
  <testcase classname="com.web.orangehrm.homePage" name="profilecheck" time="2.145"/>
  <system-out/>
</testsuite> <!-- com.web.orangehrm.homePage -->
