<?xml version="1.0" encoding="UTF-8"?>
<!-- Generated by org.testng.reporters.JUnitReportReporter -->
<testsuite hostname="Hp-15s-FR2006TU" failures="0" tests="2" name="com.web.orangehrm.loginPage" time="29.288" errors="0" timestamp="2023-03-11T11:38:00 IST" skipped="0">
  <testcase classname="com.web.orangehrm.loginPage" name="initElements" time="22.882"/>
  <system-out/>
  <testcase classname="com.web.orangehrm.loginPage" name="loginTest" time="6.406"/>
  <system-out/>
</testsuite> <!-- com.web.orangehrm.loginPage -->
