<?xml version="1.0" encoding="UTF-8"?>
<!-- Generated by org.testng.reporters.JUnitReportReporter -->
<testsuite hostname="Hp-15s-FR2006TU" failures="0" tests="1" name="com.web.orangehrm.homePage" time="28.020" errors="0" timestamp="2023-03-12T10:50:28 IST" skipped="0">
  <testcase classname="com.web.orangehrm.homePage" name="profilecheck" time="28.020"/>
  <system-out/>
</testsuite> <!-- com.web.orangehrm.homePage -->
